<?xml version="1.0" encoding="UTF-8"?>
<testng-results ignored="0" total="0" passed="0" failed="0" skipped="0">
  <reporter-output>
  </reporter-output>
  <suite started-at="2021-03-03T00:10:52 TRT" name="All Test Suite" finished-at="2021-03-03T00:10:53 TRT" duration-ms="480">
    <groups>
      <group name="cucumber">
        <method signature="AbstractTestNGCucumberTests.runScenario(io.cucumber.testng.PickleWrapper, io.cucumber.testng.FeatureWrapper)[pri:0, instance:runner.runTestMobile@3514a4c0]" name="runScenario" class="io.cucumber.testng.AbstractTestNGCucumberTests"/>
      </group> <!-- cucumber -->
    </groups>
    <test started-at="2021-03-03T00:10:52 TRT" name="Search for item in Amazon" finished-at="2021-03-03T00:10:53 TRT" duration-ms="480">
      <class name="runner.runTestMobile">
        <test-method is-config="true" signature="setUpClass()[pri:0, instance:runner.runTestMobile@3514a4c0]" started-at="2021-03-03T00:10:52 TRT" name="setUpClass" finished-at="2021-03-03T00:10:53 TRT" duration-ms="404" status="PASS">
          <reporter-output>
          </reporter-output>
        </test-method> <!-- setUpClass -->
        <test-method is-config="true" signature="tearDownClass()[pri:0, instance:runner.runTestMobile@3514a4c0]" started-at="2021-03-03T00:10:53 TRT" name="tearDownClass" finished-at="2021-03-03T00:10:53 TRT" duration-ms="11" status="PASS">
          <reporter-output>
          </reporter-output>
        </test-method> <!-- tearDownClass -->
      </class> <!-- runner.runTestMobile -->
    </test> <!-- Search for item in Amazon -->
  </suite> <!-- All Test Suite -->
</testng-results>
